<?xml version="1.0" encoding="UTF-8"?>
<!-- Generated by org.testng.reporters.JUnitReportReporter -->
<testsuite hostname="hp" failures="0" tests="1" name="tests.InvalidDeleteByIdTest" time="0.174" errors="0" timestamp="2025-08-13T11:19:36 IST" skipped="0">
  <testcase classname="tests.InvalidDeleteByIdTest" name="deleteInvalidBooking" time="0.174"/>
</testsuite> <!-- tests.InvalidDeleteByIdTest -->
