<?xml version="1.0" encoding="UTF-8"?>
<!-- Generated by org.testng.reporters.JUnitReportReporter -->
<testsuite hostname="hp" failures="0" tests="3" name="tests.AuthTestWithInvalidCredentialsTest" time="0.632" errors="0" timestamp="2025-08-13T11:19:36 IST" skipped="0">
  <testcase classname="tests.AuthTestWithInvalidCredentialsTest" name="loginWithBlankCredentials" time="0.269"/>
  <testcase classname="tests.AuthTestWithInvalidCredentialsTest" name="invalidPasswordReturns401" time="0.183"/>
  <testcase classname="tests.AuthTestWithInvalidCredentialsTest" name="missingUsernameReturns400" time="0.180"/>
</testsuite> <!-- tests.AuthTestWithInvalidCredentialsTest -->
