<?xml version="1.0" encoding="UTF-8"?>
<!-- Generated by org.testng.reporters.JUnitReportReporter -->
<testsuite hostname="MSI" failures="0" tests="1" name="tests.AuthTest" time="1.636" errors="0" timestamp="2025-08-14T17:24:20 IST" skipped="0">
  <testcase classname="tests.AuthTest" name="getAccessToken" time="1.636"/>
</testsuite> <!-- tests.AuthTest -->
